2026-04-03 13:16:47,396 - ImageProcessor - ERROR - Error processing image: Some internal library error with path /usr/local/secret
Traceback (most recent call last):
  File "/app/src/tasks.py", line 41, in process_image_task
    image = Image.open(io.BytesIO(file_content), formats=ALLOWED_FORMATS)
            ^^^^^^^^^^^^^^^^^^^^^^^^^^^^^^^^^^^^^^^^^^^^^^^^^^^^^^^^^^^^^
  File "/home/jules/.pyenv/versions/3.12.13/lib/python3.12/unittest/mock.py", line 1139, in __call__
    return self._mock_call(*args, **kwargs)
           ^^^^^^^^^^^^^^^^^^^^^^^^^^^^^^^^
  File "/home/jules/.pyenv/versions/3.12.13/lib/python3.12/unittest/mock.py", line 1143, in _mock_call
    return self._execute_mock_call(*args, **kwargs)
           ^^^^^^^^^^^^^^^^^^^^^^^^^^^^^^^^^^^^^^^^
  File "/home/jules/.pyenv/versions/3.12.13/lib/python3.12/unittest/mock.py", line 1198, in _execute_mock_call
    raise effect
ValueError: Some internal library error with path /usr/local/secret
2026-04-03 13:16:47,401 - ImageProcessor - WARNING - Image dimensions (6001x100) exceed maximum allowed size (6000px)
2026-04-03 13:16:47,401 - ImageProcessor - WARNING - Security error processing image: Image dimensions (6001x100) exceed maximum allowed size (6000px)
2026-04-03 13:16:47,403 - ImageProcessor - WARNING - Unidentified image error: cannot identify image file
2026-04-03 13:16:47,405 - ImageProcessor - WARNING - Unidentified image error: Cannot identify image file
2026-04-03 13:16:47,447 - ImageProcessor - INFO - Processing image: Size=75 bytes, Dimensions=(10, 10)
2026-04-03 13:16:47,447 - ImageProcessor - INFO - Successfully processed image. Output size: 75 bytes
2026-04-03 13:16:47,517 - ImageProcessor - WARNING - Unidentified image error: cannot identify image file <_io.BytesIO object at 0x7f53490ad530>
2026-04-03 13:16:47,520 - ImageProcessor - WARNING - Unidentified image error: cannot identify image file
2026-04-03 13:16:47,522 - ImageProcessor - WARNING - Unidentified image error: cannot identify image file <_io.BytesIO object at 0x7f5348990130>
2026-04-03 13:16:47,524 - ImageProcessor - WARNING - Image dimensions (6001x100) exceed maximum allowed size (6000px)
2026-04-03 13:16:47,524 - ImageProcessor - WARNING - Security error processing image: Image dimensions (6001x100) exceed maximum allowed size (6000px)
2026-04-03 13:16:47,562 - ImageProcessor - INFO - Processing image: Size=287 bytes, Dimensions=(100, 100)
2026-04-03 13:16:47,564 - ImageProcessor - INFO - Successfully processed image. Output size: 826 bytes
